0 info it worked if it ends with ok
1 verbose cli [ '/usr/bin/node', '/usr/bin/npm', '-g', 'install', 'uglifyjs' ]
2 info using npm@1.3.2
3 info using node@v0.10.13
4 verbose cache add [ 'uglifyjs', null ]
5 verbose cache add name=undefined spec="uglifyjs" args=["uglifyjs",null]
6 verbose parsed url { protocol: null,
6 verbose parsed url   slashes: null,
6 verbose parsed url   auth: null,
6 verbose parsed url   host: null,
6 verbose parsed url   port: null,
6 verbose parsed url   hostname: null,
6 verbose parsed url   hash: null,
6 verbose parsed url   search: null,
6 verbose parsed url   query: null,
6 verbose parsed url   pathname: 'uglifyjs',
6 verbose parsed url   path: 'uglifyjs',
6 verbose parsed url   href: 'uglifyjs' }
7 silly lockFile d5e21dcb-uglifyjs uglifyjs
8 verbose lock uglifyjs /home/ggrin/.npm/d5e21dcb-uglifyjs.lock
9 silly lockFile d5e21dcb-uglifyjs uglifyjs
10 silly lockFile d5e21dcb-uglifyjs uglifyjs
11 verbose addNamed [ 'uglifyjs', '' ]
12 verbose addNamed [ null, '*' ]
13 silly lockFile 34c129b9-uglifyjs uglifyjs@
14 verbose lock uglifyjs@ /home/ggrin/.npm/34c129b9-uglifyjs.lock
15 silly addNameRange { name: 'uglifyjs', range: '*', hasData: false }
16 verbose url raw uglifyjs
17 verbose url resolving [ 'https://registry.npmjs.org/', './uglifyjs' ]
18 verbose url resolved https://registry.npmjs.org/uglifyjs
19 info trying registry request attempt 1 at 16:39:58
20 http GET https://registry.npmjs.org/uglifyjs
21 http 404 https://registry.npmjs.org/uglifyjs
22 silly registry.get cb [ 404,
22 silly registry.get   { server: 'CouchDB/1.3.0 (Erlang OTP/R15B03)',
22 silly registry.get     date: 'Mon, 15 Jul 2013 14:39:43 GMT',
22 silly registry.get     'content-type': 'application/json',
22 silly registry.get     'content-length': '52',
22 silly registry.get     'cache-control': 'must-revalidate' } ]
23 silly lockFile 34c129b9-uglifyjs uglifyjs@
24 silly lockFile 34c129b9-uglifyjs uglifyjs@
25 error 404 'uglifyjs' is not in the npm registry.
25 error 404 You should bug the author to publish it
25 error 404
25 error 404 Note that you can also install from a
25 error 404 tarball, folder, or http url, or git url.
26 error System Linux 3.9.9-1-ARCH
27 error command "/usr/bin/node" "/usr/bin/npm" "-g" "install" "uglifyjs"
28 error cwd /home/ggrin/space/un.ht/microblogging
29 error node -v v0.10.13
30 error npm -v 1.3.2
31 error code E404
32 verbose exit [ 1, true ]
